<?xml version="1.0" encoding="UTF-8"?>
<testsuites name="SingleBrowser" time="0.73" tests="1" failures="0" errors="0">
   <testsuite name="SingleBrowser" tests="1" failures="0" errors="0" time="0.73" skipped="0" timestamp="2023-04-10 13:16:17" hostname="lollal - host.docker.internal" id="Test Suites/SingleBrowser">
      <properties>
         <property name="deviceName" value=""/>
         <property name="devicePlatform" value=""/>
         <property name="logFolder" value="C:\\Users\\lollal\\Documents\\Katalon\\Local_agent\\active-testing\\Reports\\20230410_131612\\SingleBrowser\\20230410_131612"/>
         <property name="logFiles" value="C:\\Users\\lollal\\Documents\\Katalon\\Local_agent\\active-testing\\Reports\\20230410_131612\\SingleBrowser\\20230410_131612\\execution0.log"/>
         <property name="attachments" value=""/>
         <property name="hostName" value="lollal - host.docker.internal"/>
         <property name="hostAddress" value="10.172.78.171"/>
         <property name="os" value="Windows 10 64bit"/>
         <property name="katalonVersion" value="8.4.1.208"/>
      </properties>
      <testcase name="Test Cases/Visual_Test_Case_Full_Page_ALL" time="0.443" classname="Test Cases/Visual_Test_Case_Full_Page_ALL" status="PASSED">
         <system-out><![CDATA[2023-04-10 13:16:17 - [TEST_CASE][PASSED] - Test Cases/Visual_Test_Case_Full_Page_ALL: Test Cases/Visual_Test_Case_Full_Page_ALL

2023-04-10 13:16:17 - [TEST_STEP][PASSED] - return null: null]]></system-out>
         <system-err><![CDATA[]]></system-err>
      </testcase>
      <system-out><![CDATA[2023-04-10 13:16:17 - [TEST_SUITE][PASSED] - SingleBrowser: Test Cases/Visual_Test_Case_Full_Page_ALL]]></system-out>
      <system-err><![CDATA[]]></system-err>
   </testsuite>
</testsuites>
