<?xml version="1.0" encoding="UTF-8"?>
<testsuites name="MTPAPI" time="64.75" tests="1" failures="0" errors="0">
   <testsuite name="MTPAPI" tests="1" failures="0" errors="0" time="64.75" skipped="0" timestamp="2023-06-20 16:28:41" hostname="lollal - host.docker.internal" id="Test Suites/MTPAPI">
      <properties>
         <property name="deviceName" value=""/>
         <property name="devicePlatform" value=""/>
         <property name="logFolder" value="C:\\Users\\lollal\\Documents\\Katalon\\Local_agent\\active-testing\\Reports\\20230620_162836\\MTPAPI\\20230620_162836"/>
         <property name="logFiles" value="C:\\Users\\lollal\\Documents\\Katalon\\Local_agent\\active-testing\\Reports\\20230620_162836\\MTPAPI\\20230620_162836\\execution0.log"/>
         <property name="attachments" value="keyes\keyes-ENSG00000171862_plot.png"/>
         <property name="hostName" value="lollal - host.docker.internal"/>
         <property name="os" value="Windows 10 64bit"/>
         <property name="katalonVersion" value="8.4.1.208"/>
         <property name="browser" value="Chrome 114.0.0.0"/>
         <property name="hostAddress" value="192.168.87.42"/>
         <property name="sessionId" value="e508d8f65f1f5b6bb1cf5a94d9ef2bd9"/>
         <property name="seleniumVersion" value="3.141.59"/>
         <property name="proxyInformation" value="ProxyInformation { proxyOption=NO_PROXY, proxyServerType=HTTP, username=, password=********, proxyServerAddress=, proxyServerPort=0, executionList=&quot;&quot;, isApplyToDesiredCapabilities=true }"/>
         <property name="platform" value="Windows 10"/>
      </properties>
      <testcase name="Test Cases/MTP_1" time="64.514" classname="Test Cases/MTP_1" status="PASSED">
         <system-out><![CDATA[2023-06-20 16:28:41 - [TEST_CASE][PASSED] - Test Cases/MTP_1: Test Cases/MTP_1

2023-06-20 16:28:42 - [TEST_STEP][PASSED] - openBrowser(""): Browser is opened with url: ''

2023-06-20 16:28:42 - [MESSAGE][INFO] - Starting 'Chrome' driver

2023-06-20 16:28:42 - [MESSAGE][INFO] - User set preference: ['acceptInsecureCerts', 'true']

2023-06-20 16:28:42 - [MESSAGE][INFO] - User set preference: ['args', '[--ignore-certificate-errors]']

2023-06-20 16:28:42 - [MESSAGE][INFO] - Action delay is set to 5,000 milliseconds

2023-06-20 16:28:44 - [MESSAGE][PASSED] - Browser is opened with url: ''

2023-06-20 16:28:44 - [TEST_STEP][PASSED] - maximizeWindow(): Current window maximized

2023-06-20 16:28:44 - [MESSAGE][PASSED] - Current window maximized

2023-06-20 16:28:44 - [TEST_STEP][PASSED] - setViewPortSize(1200, 99999): Viewport is set to new size with width = 1200 and height = 99999

2023-06-20 16:28:45 - [MESSAGE][PASSED] - Viewport is set to new size with width = 1200 and height = 99999

2023-06-20 16:28:45 - [TEST_STEP][PASSED] - td = findTestData("MolecularTargetApI"): null

2023-06-20 16:28:45 - [TEST_STEP][PASSED] - for ([i = 1, i <= td.getRowNumbers(), (i++)]): Taking screenshot successfully

2023-06-20 16:28:46 - [TEST_STEP][PASSED] - url = td.getObjectValue("host", i) + td.getObjectValue("suffixUrl", i): null

2023-06-20 16:28:46 - [TEST_STEP][PASSED] - navigateToUrl(url): Navigate to 'https://openpedcan-api-qa.d3b.io/tpm/gene-all-cancer/plot?ensemblId=ENSG00000171862&yAxisScale=linear&includeTumorDesc=primaryOnly' successfully

2023-06-20 16:28:54 - [MESSAGE][PASSED] - Navigate to 'https://openpedcan-api-qa.d3b.io/tpm/gene-all-cancer/plot?ensemblId=ENSG00000171862&yAxisScale=linear&includeTumorDesc=primaryOnly' successfully

2023-06-20 16:28:54 - [TEST_STEP][PASSED] - Thread.sleep(50000): null

2023-06-20 16:29:44 - [TEST_STEP][PASSED] - takeFullPageScreenshotAsCheckpoint(td.getObjectValue("testName", i)): Taking screenshot successfully

2023-06-20 16:29:45 - [MESSAGE][INFO] - 0 hidden object(s)

2023-06-20 16:29:45 - [MESSAGE][PASSED] - Taking screenshot successfully
[[ATTACHMENT|keyes\keyes-ENSG00000171862_plot.png]]

2023-06-20 16:29:45 - [TEST_STEP][PASSED] - closeBrowser(): Browser is closed

2023-06-20 16:29:46 - [MESSAGE][PASSED] - Browser is closed]]></system-out>
         <system-err><![CDATA[]]></system-err>
      </testcase>
      <system-out><![CDATA[2023-06-20 16:28:41 - [TEST_SUITE][PASSED] - MTPAPI: Test Cases/MTP_1]]></system-out>
      <system-err><![CDATA[]]></system-err>
   </testsuite>
</testsuites>
