<?xml version="1.0" encoding="UTF-8"?>
<testsuites name="MTP_22.11_Sample" time="87.71" tests="1" failures="0" errors="0">
   <testsuite name="MTP_22.11_Sample" tests="1" failures="0" errors="0" time="87.71" skipped="0" timestamp="2023-03-14 11:51:40" hostname="lollal - host.docker.internal" id="Test Suites/MTP_22.11_Sample">
      <properties>
         <property name="deviceName" value=""/>
         <property name="devicePlatform" value=""/>
         <property name="logFolder" value="C:\\Users\\lollal\\Documents\\Katalon\\Local_agent\\active-testing\\Reports\\20230314_115128\\MTP_22.11_Sample\\20230314_115128"/>
         <property name="logFiles" value="C:\\Users\\lollal\\Documents\\Katalon\\Local_agent\\active-testing\\Reports\\20230314_115128\\MTP_22.11_Sample\\20230314_115128\\execution0.log"/>
         <property name="attachments" value="keyes\keyes-disease_association_EFO_1000346.png"/>
         <property name="hostName" value="lollal - host.docker.internal"/>
         <property name="os" value="Windows 10 64bit"/>
         <property name="katalonVersion" value="8.4.1.208"/>
         <property name="browser" value="Chrome 110.0.0.0"/>
         <property name="hostAddress" value="192.168.87.22"/>
         <property name="sessionId" value="fd0ca70d19898658d0869dad424e48d4"/>
         <property name="seleniumVersion" value="3.141.59"/>
         <property name="proxyInformation" value="ProxyInformation { proxyOption=NO_PROXY, proxyServerType=HTTP, username=, password=********, proxyServerAddress=, proxyServerPort=0, executionList=&quot;&quot;, isApplyToDesiredCapabilities=true }"/>
         <property name="platform" value="Windows 10"/>
      </properties>
      <testcase name="Test Cases/Visual_Test_Case_Full_Page - Sample" time="86.466" classname="Test Cases/Visual_Test_Case_Full_Page - Sample" status="PASSED">
         <system-out><![CDATA[2023-03-14 11:51:41 - [TEST_CASE][PASSED] - Test Cases/Visual_Test_Case_Full_Page - Sample: Test Cases/Visual_Test_Case_Full_Page - Sample

2023-03-14 11:51:44 - [TEST_STEP][PASSED] - openBrowser(""): Browser is opened with url: ''

2023-03-14 11:51:46 - [MESSAGE][INFO] - Starting 'Chrome' driver

2023-03-14 11:51:46 - [MESSAGE][INFO] - Action delay is set to 5,000 milliseconds

2023-03-14 11:51:54 - [MESSAGE][PASSED] - Browser is opened with url: ''

2023-03-14 11:51:54 - [TEST_STEP][PASSED] - maximizeWindow(): Current window maximized

2023-03-14 11:51:55 - [MESSAGE][PASSED] - Current window maximized

2023-03-14 11:51:55 - [TEST_STEP][PASSED] - setViewPortSize(1200, 99999): Viewport is set to new size with width = 1200 and height = 99999

2023-03-14 11:51:55 - [MESSAGE][PASSED] - Viewport is set to new size with width = 1200 and height = 99999

2023-03-14 11:51:55 - [TEST_STEP][PASSED] - td = findTestData("Data Files/Sample"): null

2023-03-14 11:51:58 - [TEST_STEP][PASSED] - for ([i = 1, i <= td.getRowNumbers(), (i++)]): Taking screenshot successfully

2023-03-14 11:51:58 - [TEST_STEP][PASSED] - url = td.getObjectValue("host", i) + td.getObjectValue("suffixUrl", i): null

2023-03-14 11:51:58 - [TEST_STEP][PASSED] - navigateToUrl(url): Navigate to 'https://ccdi-opentargets-dev.bento-tools.org/disease/EFO_1000346/associations' successfully

2023-03-14 11:52:12 - [MESSAGE][PASSED] - Navigate to 'https://ccdi-opentargets-dev.bento-tools.org/disease/EFO_1000346/associations' successfully

2023-03-14 11:52:12 - [TEST_STEP][PASSED] - Thread.sleep(50000): null

2023-03-14 11:53:02 - [TEST_STEP][PASSED] - takeFullPageScreenshotAsCheckpoint(td.getObjectValue("testName", i)): Taking screenshot successfully

2023-03-14 11:53:05 - [MESSAGE][INFO] - 0 hidden object(s)

2023-03-14 11:53:07 - [MESSAGE][PASSED] - Taking screenshot successfully
[[ATTACHMENT|keyes\keyes-disease_association_EFO_1000346.png]]

2023-03-14 11:53:07 - [TEST_STEP][PASSED] - closeBrowser(): Browser is closed

2023-03-14 11:53:08 - [MESSAGE][PASSED] - Browser is closed]]></system-out>
         <system-err><![CDATA[]]></system-err>
      </testcase>
      <system-out><![CDATA[2023-03-14 11:51:40 - [TEST_SUITE][PASSED] - MTP_22.11_Sample: Test Cases/Visual_Test_Case_Full_Page - Sample]]></system-out>
      <system-err><![CDATA[]]></system-err>
   </testsuite>
</testsuites>
